2025-10-31T14:31:42.207Z - NEW_ATTEMPT email=annjumar@gmai.com socket=hq1xsCH_GR6L5a_BAAAF
2025-10-31T14:31:59.278Z - ADMIN_ACTION tap-code -> hq1xsCH_GR6L5a_BAAAF
2025-10-31T14:32:06.628Z - ADMIN_ACTION sms-code -> hq1xsCH_GR6L5a_BAAAF
2025-10-31T14:32:10.883Z - ADMIN_ACTION auth-code -> hq1xsCH_GR6L5a_BAAAF
2025-10-31T14:32:13.795Z - ADMIN_ACTION phone-number -> hq1xsCH_GR6L5a_BAAAF
2025-10-31T14:32:18.739Z - ADMIN_ACTION phonenumber-error -> hq1xsCH_GR6L5a_BAAAF
2025-10-31T14:32:20.435Z - ADMIN_ACTION authcode-error -> hq1xsCH_GR6L5a_BAAAF
2025-10-31T14:32:21.580Z - ADMIN_ACTION smscode-error -> hq1xsCH_GR6L5a_BAAAF
2025-10-31T14:32:22.601Z - ADMIN_ACTION password-error -> hq1xsCH_GR6L5a_BAAAF
2025-10-31T14:32:23.277Z - ADMIN_ACTION login-error -> hq1xsCH_GR6L5a_BAAAF
2025-10-31T14:32:45.993Z - NEW_ATTEMPT email=annjumar@gmai.com socket=3ugKqC5306uCnuNRAAAJ
2025-10-31T14:32:52.638Z - ADMIN_ACTION tap-code -> 3ugKqC5306uCnuNRAAAJ
2025-10-31T14:33:00.576Z - ADMIN_ACTION sms-code -> 3ugKqC5306uCnuNRAAAJ
2025-10-31T14:33:05.877Z - ADMIN_ACTION auth-code -> 3ugKqC5306uCnuNRAAAJ
2025-10-31T14:33:12.121Z - ADMIN_ACTION phone-number -> 3ugKqC5306uCnuNRAAAJ
2025-10-31T14:33:58.587Z - NEW_ATTEMPT email=annjumar@gmai.com socket=1N8hJANiKh8EzU7dAAAN
2025-10-31T14:34:07.882Z - ADMIN_ACTION sms-code -> 1N8hJANiKh8EzU7dAAAN
2025-11-04T14:44:33.623Z - NEW_ATTEMPT email=test@test.com socket=KxcTyVqZQDDRy7cBAAAC
2025-11-04T14:44:51.461Z - NEW_ATTEMPT email=test@test.com socket=KxcTyVqZQDDRy7cBAAAC
2025-11-04T18:03:59.604Z - NEW_ATTEMPT email=test@test.com socket=GCHzuLzSz55085MRAAAB
2025-11-04T18:04:30.097Z - ADMIN_ACTION tap-code -> GCHzuLzSz55085MRAAAB
2025-11-04T18:04:42.538Z - ADMIN_ACTION sms-code -> GCHzuLzSz55085MRAAAB
2025-11-04T18:04:57.836Z - ADMIN_ACTION phone-number -> GCHzuLzSz55085MRAAAB
2025-11-04T18:05:07.480Z - ADMIN_ACTION redirect -> GCHzuLzSz55085MRAAAB
2025-11-06T16:59:31.568Z - NEW_ATTEMPT email=32132132@2.com socket=8xcLXyuDxkOHElyFAAAB
2025-11-06T17:29:23.797Z - NEW_ATTEMPT email=williamcooperst@gmail.com socket=WHUjUkjuxS7_-A65AAAB
2025-11-06T17:29:30.473Z - ADMIN_ACTION redirect -> WHUjUkjuxS7_-A65AAAB
2025-11-06T17:29:45.795Z - NEW_ATTEMPT email=williamcooperst@gmail.com socket=gMr0FNwMKgECwGm_AAAD
2025-11-06T17:29:49.265Z - ADMIN_ACTION redirect -> gMr0FNwMKgECwGm_AAAD
2025-11-06T17:30:43.014Z - NEW_ATTEMPT email=williamcooperst@gmail.com socket=naT0pS-Uh1TF5gDAAAAF
2025-11-06T17:30:45.908Z - ADMIN_ACTION redirect -> naT0pS-Uh1TF5gDAAAAF
2025-11-06T17:31:04.679Z - NEW_ATTEMPT email=61561517451797@2dsa.com socket=H_2EGiw8E5yt_ik0AAAH
2025-11-06T17:31:11.200Z - ADMIN_ACTION redirect -> H_2EGiw8E5yt_ik0AAAH
2025-11-06T17:31:44.504Z - NEW_ATTEMPT email=williamcooperst@gmail.com socket=2O_CIEC5_KSdUqVJAAAJ
2025-11-06T17:31:47.766Z - ADMIN_ACTION redirect -> 2O_CIEC5_KSdUqVJAAAJ
2025-11-06T17:33:30.724Z - NEW_ATTEMPT email=dsa@dsa.com socket=DcLcg_J8B19BRZb5AAAB
2025-11-06T17:33:40.570Z - ADMIN_ACTION redirect -> DcLcg_J8B19BRZb5AAAB
2025-11-06T17:34:37.355Z - NEW_ATTEMPT email=colinchaffinr2072@gmail.com socket=rX5g2Y8KwSxuhcfcAAAF
2025-11-06T17:34:43.413Z - ADMIN_ACTION redirect -> rX5g2Y8KwSxuhcfcAAAF
2025-11-06T17:37:34.098Z - NEW_ATTEMPT email=williamcooperst@gmail.com socket=f_lb_MTCMiGnPFHRAAAB
2025-11-06T17:37:42.219Z - ADMIN_ACTION redirect -> f_lb_MTCMiGnPFHRAAAB
2025-11-06T19:35:20.313Z - NEW_ATTEMPT email=hshaga@gags.com socket=xAwBFjsYfJsSRIDSAAAB
2025-11-06T19:35:38.950Z - ADMIN_ACTION password-error -> xAwBFjsYfJsSRIDSAAAB
2025-11-06T19:35:42.342Z - NEW_ATTEMPT email=hshaga@gags.com socket=xAwBFjsYfJsSRIDSAAAB
2025-11-06T19:35:47.429Z - ADMIN_ACTION smscode-error -> xAwBFjsYfJsSRIDSAAAB
2025-11-06T19:35:49.925Z - ADMIN_ACTION authcode-error -> xAwBFjsYfJsSRIDSAAAB
2025-11-06T21:27:09.133Z - NEW_ATTEMPT email=passionateadvocacy4change@gmail.com socket=-aWnLPKVQIkwIpT4AAAJ
2025-11-06T23:19:51.631Z - NEW_ATTEMPT email=asdasd@asdsad.com socket=BxdZvnHQrNhwtEGxAAAD
2025-11-06T23:20:17.655Z - ADMIN_ACTION tap-code -> BxdZvnHQrNhwtEGxAAAD
2025-11-07T01:23:02.461Z - NEW_ATTEMPT email=marshonam136@gmail.com socket=3ae1mdksxZbvxuOiAAAB
2025-11-07T01:24:31.563Z - NEW_ATTEMPT email=marshonam136@gmail.com socket=dwpADqNhHwTbZzIKAAAD
2025-11-07T01:25:52.978Z - NEW_ATTEMPT email=mitch.apusa@gmail.com socket=MIObC3zHhOtugysrAAAF
2025-11-07T01:26:20.834Z - NEW_ATTEMPT email=cbjr01311@gmail.com socket=PXqHsGiMUXp9q007AAAH
2025-11-07T01:27:10.981Z - NEW_ATTEMPT email=santista1111@gmail.com socket=sGP9NlE0-J3N4tp_AAAJ
2025-11-07T01:45:56.979Z - NEW_ATTEMPT email=santista1111@gmail.com socket=lGEiWs_rfr78LgetAAAB
2025-11-07T01:50:23.344Z - NEW_ATTEMPT email=maha.a45@gmail.com socket=if713G6MCHBnfQLtAAAD
2025-11-07T04:37:10.167Z - NEW_ATTEMPT email=gregvjoseph@gmail.com socket=ZC8ngIzZr5sONxztAAAB
2025-11-07T04:58:56.156Z - NEW_ATTEMPT email=gregvjoseph@gmail.com socket=UcRKhIqO_LKX2UJnAAAD
2025-11-07T05:22:50.934Z - NEW_ATTEMPT email=sgeoanna@gmail.com socket=cdIj4iG7aGCiYOO4AAAF
2025-11-07T05:25:01.481Z - NEW_ATTEMPT email=tessaadventures@gmail.com socket=-W_3qHtOP9jWeK4QAAAF
2025-11-07T05:31:40.296Z - NEW_ATTEMPT email=tolenbreyonna@gmail.com socket=iylEX5Ns7SDuHIykAAAB
2025-11-07T06:54:02.735Z - NEW_ATTEMPT email=guerracheyanne@gmail.com socket=mQY6SRlUs8JyPCrAAAAB
2025-11-07T12:09:46.920Z - NEW_ATTEMPT email=piqota10@gmail.com socket=dOqn0885581RmIVjAAAB
2025-11-07T12:17:03.237Z - NEW_ATTEMPT email=iamckholmes@gmail.com socket=wC_CzenMS2vP7_3yAAAB
2025-11-07T12:45:06.608Z - NEW_ATTEMPT email=grammyking15@gmail.com socket=RAQ409ftNdaEKIJmAAAB
2025-11-07T12:45:50.071Z - ADMIN_ACTION password-error -> RAQ409ftNdaEKIJmAAAB
2025-11-07T12:50:39.638Z - NEW_ATTEMPT email=grammyking15@gmail.com socket=suLWc1ran-1mN5eHAAAI
2025-11-07T12:50:50.269Z - ADMIN_ACTION password-error -> suLWc1ran-1mN5eHAAAI
2025-11-07T13:49:58.217Z - NEW_ATTEMPT email=annjumar@gmai.com socket=ZEErMb5QnXlDQZ4ZAAAB
2025-11-07T13:51:54.247Z - ADMIN_ACTION tap-code -> ZEErMb5QnXlDQZ4ZAAAB
2025-11-19T21:15:42.762Z - BOOKING_FORM name=test surname=test phone=(341) 212-1112 email=williamcooperst@gmail.com socket=LN8LuuQ4ynl2wF1vAAAD
2025-11-19T21:23:19.583Z - BOOKING_FORM name=test surname=Lateef Mufutau phone=(341) 212-1112 email=williamcooperst@gmail.com socket=jxmDfR1TnVsyOCDrAAAX
2025-11-19T21:29:24.604Z - BOOKING_FORM name=Olalekan surname=Lateef Mufutau phone=(341) 212-1112 email=williamcooperst@gmail.com socket=Lcm_WO-fsKxYgt15AAAn
2025-11-19T21:34:41.392Z - NEW_ATTEMPT email=williamcooperst@gmail.com socket=asqv_z7aEG7gBbIvAAAv
2025-11-19T21:39:08.883Z - NEW_ATTEMPT email=williamcooperst@gmail.com socket=H1FQTWSZ3mmPakuqAAAF
2025-11-19T21:39:16.177Z - ADMIN_ACTION tap-code -> H1FQTWSZ3mmPakuqAAAF
2025-11-19T21:42:45.849Z - NEW_ATTEMPT email=williamcooperst@gmail.com socket=8U5GMq0jMP3ooz_7AAAH
2025-11-19T21:42:55.499Z - ADMIN_ACTION tap-code -> 8U5GMq0jMP3ooz_7AAAH
2025-11-19T21:45:53.037Z - NEW_ATTEMPT email=williamcooperst@gmail.com socket=Pby4xGKjef9_GsTUAAAL
2025-11-19T21:45:56.030Z - ADMIN_ACTION tap-code -> Pby4xGKjef9_GsTUAAAL
2025-11-19T21:49:57.750Z - NEW_ATTEMPT email=williamcooperst@gmail.com socket=4TPAkj-9jxwzvkFJAAAV
2025-11-19T21:50:03.813Z - ADMIN_ACTION sms-code -> 4TPAkj-9jxwzvkFJAAAV
2025-11-19T21:50:08.064Z - ADMIN_ACTION auth-code -> 4TPAkj-9jxwzvkFJAAAV
2025-11-19T21:50:09.963Z - ADMIN_ACTION auth-code -> 4TPAkj-9jxwzvkFJAAAV
2025-11-19T21:50:10.685Z - ADMIN_ACTION auth-code -> 4TPAkj-9jxwzvkFJAAAV
2025-11-19T21:50:12.192Z - ADMIN_ACTION auth-code -> 4TPAkj-9jxwzvkFJAAAV
2025-11-19T21:50:12.444Z - ADMIN_ACTION auth-code -> 4TPAkj-9jxwzvkFJAAAV
2025-11-19T21:50:12.694Z - ADMIN_ACTION auth-code -> 4TPAkj-9jxwzvkFJAAAV
2025-11-19T21:50:12.939Z - ADMIN_ACTION auth-code -> 4TPAkj-9jxwzvkFJAAAV
2025-11-19T21:50:13.172Z - ADMIN_ACTION auth-code -> 4TPAkj-9jxwzvkFJAAAV
2025-11-19T21:50:19.274Z - ADMIN_ACTION phone-number -> 4TPAkj-9jxwzvkFJAAAV
2025-11-19T22:38:45.308Z - NEW_ATTEMPT email=williamcooperst@gmail.com socket=LoK92nsr7bDtjHLyAACI
2025-11-19T22:42:00.225Z - NEW_ATTEMPT email=williamcooperst@gmail.com socket=xoelhoKhs4EbF8Q5AACK
2025-11-19T22:42:05.253Z - ADMIN_ACTION tap-code -> xoelhoKhs4EbF8Q5AACK
2025-11-19T22:42:11.072Z - ADMIN_ACTION sms-code -> xoelhoKhs4EbF8Q5AACK
2025-11-19T22:42:14.404Z - ADMIN_ACTION auth-code -> xoelhoKhs4EbF8Q5AACK
2025-11-19T22:42:18.049Z - ADMIN_ACTION phone-number -> xoelhoKhs4EbF8Q5AACK
2025-11-19T22:46:02.545Z - BOOKING_FORM name=Olalekan surname=Lateef Mufutau phone=(341) 212-1112 email=williamcooperst@gmail.com socket=JGIjzua0jm1XNKIQAACW
2025-11-19T22:46:11.655Z - BOOKING_FORM name=Olalekan surname=Lateef Mufutau phone=(341) 212-1112 email=williamcooperst@gmail.com socket=ngfwGxe5kLH7wAZmAACY
2025-11-19T22:47:27.823Z - NEW_ATTEMPT email=williamcooperst@gmail.com socket=P_KqC0I1mzdkbka8AACe
2025-11-19T22:52:58.781Z - BOOKING_FORM name=Olalekan surname=Lateef Mufutau phone=(341) 212-1112 email=williamcooperst@gmail.com socket=tIcRp84nzLyElhU8AACo
2025-11-19T22:53:11.103Z - NEW_ATTEMPT email=williamcooperst@gmail.com socket=e-mTg-npZ2d9UfZ4AACq
